C51 COMPILER V9.60.0.0   MAIN                                                              02/21/2020 23:04:43 PAGE 1   


C51 COMPILER V9.60.0.0, COMPILATION OF MODULE MAIN
OBJECT MODULE PLACED IN .\Objects\main.obj
COMPILER INVOKED BY: C:\Keil_v5\C51\BIN\C51.EXE main.c OPTIMIZE(8,SPEED) BROWSE DEBUG OBJECTEXTEND PRINT(.\Listings\main
                    -.lst) TABS(2) OBJECT(.\Objects\main.obj)

line level    source

   1          //directives
   2          #include <reg51.h>
   3          
   4          //fuction prototypes
   5          void count(void);
   6          void delay(void);
   7          void myLoop(void);
   8          
   9          //this switches are global so I can pick and chose what I want at any moment
  10          sbit SW1 = P0^0;
  11          sbit SW2 = P0^1;
  12          sbit SW3 = P0^2;
  13          sbit SW4 = P0^3;
  14          sbit SW5 = P0^4;
  15          sbit SW6 = P0^5;
  16          
  17          //my main
  18          void main (void){
  19   1      
  20   1        while(1){
  21   2          if(SW1){
  22   3            count();
  23   3          }
  24   2          if(SW6&SW5&SW4){
  25   3            P1 = 0x01;
  26   3          }
  27   2          if(SW3){
  28   3            myLoop();
  29   3          }
  30   2        else{
  31   3            //This will keep the leds low active
  32   3            P1 = 0X00;
  33   3          }
  34   2        }
  35   1      }
  36          void count(void){
  37   1        //8-bit char
  38   1        unsigned char x = 0x00;
  39   1        //counting upward with this program for sw1
  40   1        while(SW1){
  41   2          P1 = x;
  42   2          delay();
  43   2          x+=0x01;// x = x + 1
  44   2        }
  45   1      }
  46          //My pattern
  47          void myLoop(void){
  48   1        unsigned char x1 = 0x01;
  49   1        while(SW3){
  50   2          P1=x1;
  51   2          x1^=0x81;
  52   2          delay();
  53   2        }
  54   1      }
C51 COMPILER V9.60.0.0   MAIN                                                              02/21/2020 23:04:43 PAGE 2   

  55          
  56          //delay function to see the leds switch.
  57          void delay (void){
  58   1        int i,j;
  59   1      
  60   1        for(i=0; i<0xff; i++){
  61   2          for(j=0; j<0xff; j++);
  62   2        }
  63   1      }


MODULE INFORMATION:   STATIC OVERLAYABLE
   CODE SIZE        =     92    ----
   CONSTANT SIZE    =   ----    ----
   XDATA SIZE       =   ----    ----
   PDATA SIZE       =   ----    ----
   DATA SIZE        =   ----       2
   IDATA SIZE       =   ----    ----
   BIT SIZE         =   ----    ----
END OF MODULE INFORMATION.


C51 COMPILATION COMPLETE.  0 WARNING(S),  0 ERROR(S)
