C51 COMPILER V9.60.0.0   MAIN                                                              03/01/2020 02:12:15 PAGE 1   


C51 COMPILER V9.60.0.0, COMPILATION OF MODULE MAIN
OBJECT MODULE PLACED IN .\Objects\main.obj
COMPILER INVOKED BY: C:\Keil_v5\C51\BIN\C51.EXE main.c OPTIMIZE(8,SPEED) BROWSE DEBUG OBJECTEXTEND PRINT(.\Listings\main
                    -.lst) TABS(2) OBJECT(.\Objects\main.obj)

line level    source

   1          //My Project: Trevor Scott
   2          //directives
   3          #include <reg51.h>
   4          
   5          //fuction prototypes
   6          void delay(void);
   7          void mode1(void);
   8          void mode2(void);
   9          void mode3(void);
  10          void mode4(void);
  11          
  12          //this switches are global so I can pick and chose what I want at any moment
  13          sbit SW1 = P0^0;
  14          sbit SW2 = P0^1;
  15          sbit SW3 = P0^2;
  16          sbit SW4 = P0^3;
  17          sbit SW5 = P0^4;
  18          sbit SW6 = P0^5;
  19          sbit SW7 = P0^6;
  20          sbit SW8 = P0^7;
  21          
  22          //my main
  23          void main (){
  24   1        while(1){
  25   2          if(SW1){
  26   3            mode1();
  27   3          }
  28   2          if(SW2){
  29   3            mode2();
  30   3          }
  31   2          if(SW3){
  32   3            mode3();
  33   3          }
  34   2          if(SW4){
  35   3            mode4();
  36   3          }
  37   2          P1=0xff;
  38   2          delay();
  39   2          P1= 0x00;
  40   2          delay();
  41   2        }
  42   1      }
  43          void mode3(){
  44   1        unsigned char repeat0 = 0x01;
  45   1        unsigned char repeat1 = 0x80;
  46   1        unsigned char repeat2 = 0x10;
  47   1        unsigned char repeat3 = 0x08;
  48   1        char i =0;
  49   1        char j =0;
  50   1        while(SW3){
  51   2          for(i=0; i<3; i++){
  52   3            P1=(repeat1 >> i | repeat0 << i );
  53   3            delay();
  54   3          }
C51 COMPILER V9.60.0.0   MAIN                                                              03/01/2020 02:12:15 PAGE 2   

  55   2          for(j=0; j<3; j++){
  56   3            P1=(repeat2 << j | repeat3 >> j );
  57   3            delay();
  58   3          }
  59   2        }
  60   1      }
  61          void mode4(){
  62   1        char repeat1 = 0x80;
  63   1        char repeat0 = 0xff;
  64   1        int i =0;
  65   1        int j =0;
  66   1        while(SW4){
  67   2          for(i =0; i<7; i++){
  68   3            P1= repeat1 >> i;
  69   3            delay();
  70   3          }
  71   2          for(j=0; j<9; j++){
  72   3              P1=repeat0 << j;
  73   3              delay();
  74   3          }
  75   2        }
  76   1      }
  77          void mode1(){
  78   1        unsigned char repeat1 = 0x80;
  79   1        unsigned char repeat0 = 0x01;
  80   1        int g=0;
  81   1        int i =0;
  82   1        int j=0;
  83   1          //how many leds it must go accross minus 1 since repeat 1 and 0
  84   1          while(SW1){
  85   2          for(i =0; i <7; i++){
  86   3              P1=repeat1 >> i;
  87   3              delay();
  88   3            }
  89   2          for(j=0; j<7; j++){
  90   3            P1=repeat0 << j;
  91   3            delay();
  92   3          }
  93   2        }
  94   1      }
  95          //delay function to see the leds switch.
  96          void delay (void){
  97   1        int i,j;
  98   1        if(SW5||SW6||SW7||SW8)
  99   1        {
 100   2        //0.5 seconds
 101   2        if(SW5){
 102   3          for(i =0; i <1000; i++){
 103   4            TMOD = 0x01;    // Timer0 mode1
 104   4            TH0 = 0xFE;    //initial value for 1ms
 105   4            TL0 = 0x34;
 106   4            TR0 = 1;      // timer start
 107   4            while(TF0==0);  // check overflow condition
 108   4            TR0 = 0;     // Stop Timer
 109   4            TF0 = 0;    // Clear flag
 110   4          }
 111   3        }
 112   2        //1.0 seconds
 113   2        if(SW6){
 114   3          //1000 for clock
 115   3          for(i =0; i <1000; i++){
 116   4            TMOD = 0x01;    // Timer0 mode1
C51 COMPILER V9.60.0.0   MAIN                                                              03/01/2020 02:12:15 PAGE 3   

 117   4            TH0 = 0xFC;    //initial value for 1ms
 118   4            TL0 = 0x65;
 119   4            TR0 = 1;      // timer start
 120   4            while(TF0==0);  // check overflow condition
 121   4            TR0 = 0;     // Stop Timer
 122   4            TF0 = 0;    // Clear flag
 123   4          }
 124   3        }
 125   2        //1.5s
 126   2        if(SW7){
 127   3          //1000 for clock
 128   3          for(i =0; i <1000; i++){
 129   4            TMOD = 0x01;    // Timer0 mode1
 130   4            TH0 = 0xFA;    //initial value for 1ms
 131   4            TL0 = 0x9A;
 132   4            TR0 = 1;      // timer start
 133   4            while(TF0==0);  // check overflow condition
 134   4            TR0 = 0;     // Stop Timer
 135   4            TF0 = 0;    // Clear flag
 136   4          }
 137   3        }
 138   2        //2s
 139   2        if(SW8){
 140   3          //1000 for clock
 141   3          for(i =0; i <1000; i++){
 142   4            TMOD = 0x01;    // Timer0 mode1
 143   4            TH0 = 0xF8;    //initial value for 1ms
 144   4            TL0 = 0xCC;
 145   4            TR0 = 1;      // timer start
 146   4            while(TF0==0);  // check overflow condition
 147   4            TR0 = 0;     // Stop Timer
 148   4            TF0 = 0;    // Clear flag
 149   4          }
 150   3        }
 151   2      }
 152   1        else{
 153   2        //default
 154   2        for(i =0; i <1000; i++){
 155   3            TMOD = 0x01;    // Timer0 mode1
 156   3            TH0 = 0xFE;    //initial value for 1ms
 157   3            TL0 = 0x34;
 158   3            TR0 = 1;      // timer start
 159   3            while(TF0==0);  // check overflow condition
 160   3            TR0 = 0;     // Stop Timer
 161   3            TF0 = 0;    // Clear flag
 162   3          }
 163   2        }
 164   1      }
*** WARNING C280 IN LINE 97 OF main.c: 'j': unreferenced local variable
 165          /*
 166            for(i=0; i<0xff; i++){
 167              for(j=0; j<0xff; j++);
 168            */


MODULE INFORMATION:   STATIC OVERLAYABLE
   CODE SIZE        =    579    ----
   CONSTANT SIZE    =   ----    ----
   XDATA SIZE       =   ----    ----
   PDATA SIZE       =   ----    ----
   DATA SIZE        =   ----      22
   IDATA SIZE       =   ----    ----
C51 COMPILER V9.60.0.0   MAIN                                                              03/01/2020 02:12:15 PAGE 4   

   BIT SIZE         =   ----    ----
END OF MODULE INFORMATION.


C51 COMPILATION COMPLETE.  1 WARNING(S),  0 ERROR(S)
